<?xml version="1.0" encoding="UTF-8"?>
<testsuite name="org.example.PlayerTest" tests="3" skipped="0" failures="0" errors="0" timestamp="2024-07-21T03:53:34" hostname="MYHOME" time="0.007">
  <properties/>
  <testcase name="testAddMonster" classname="org.example.PlayerTest" time="0.001"/>
  <testcase name="testPlayerInitialization" classname="org.example.PlayerTest" time="0.0"/>
  <testcase name="testToString" classname="org.example.PlayerTest" time="0.005"/>
  <system-out><![CDATA[]]></system-out>
  <system-err><![CDATA[]]></system-err>
</testsuite>
