<?xml version="1.0" encoding="UTF-8"?>
<testsuite name="org.example.BossTest" tests="2" skipped="0" failures="0" errors="0" timestamp="2024-07-21T07:15:33" hostname="WIN11_ASUS_S" time="0.008">
  <properties/>
  <testcase name="testToString" classname="org.example.BossTest" time="0.007"/>
  <testcase name="testSummonMonster" classname="org.example.BossTest" time="0.001"/>
  <system-out><![CDATA[]]></system-out>
  <system-err><![CDATA[]]></system-err>
</testsuite>
