<?xml version="1.0" encoding="UTF-8"?>
<testsuite name="org.example.SeMonsterGameTest" tests="2" skipped="0" failures="0" errors="0" timestamp="2024-07-21T03:56:46" hostname="MYHOME" time="0.001">
  <properties/>
  <testcase name="testDraw" classname="org.example.SeMonsterGameTest" time="0.0"/>
  <testcase name="testAddPlayer" classname="org.example.SeMonsterGameTest" time="0.001"/>
  <system-out><![CDATA[]]></system-out>
  <system-err><![CDATA[]]></system-err>
</testsuite>
