<?xml version="1.0" encoding="UTF-8"?>
<testsuite name="org.example.MonsterTest" tests="1" skipped="0" failures="0" errors="0" timestamp="2024-07-21T02:20:26" hostname="DESKTOP-1BVQELF" time="0.0">
  <properties/>
  <testcase name="appHasAGreeting" classname="org.example.MonsterTest" time="0.0"/>
  <system-out><![CDATA[]]></system-out>
  <system-err><![CDATA[]]></system-err>
</testsuite>
